<?xml version="1.0" encoding="UTF-8"?>
<testsuite xmlns:xsi="http://www.w3.org/2001/XMLSchema-instance" xsi:noNamespaceSchemaLocation="https://maven.apache.org/surefire/maven-surefire-plugin/xsd/surefire-test-report-3.0.xsd" version="3.0" name="com.slotcentral.bank.service.AccountServiceTest" time="1.088" tests="15" errors="0" skipped="0" failures="0">
  <properties>
[...]
</properties>
  <testcase name="deposit_increasesBalance_andCreatesEntry" classname="com.slotcentral.bank.service.AccountServiceTest" time="0.991">
    <system-err><![CDATA[WARNING: A Java agent has been loaded dynamically (/home/runner/.m2/repository/net/bytebuddy/byte-buddy-agent/1.14.19/byte-buddy-agent-1.14.19.jar)
WARNING: If a serviceability tool is in use, please run with -XX:+EnableDynamicAgentLoading to hide this warning
WARNING: If a serviceability tool is not in use, please run with -Djdk.instrument.traceUsage for more information
WARNING: Dynamic loading of agents will be disallowed by default in a future release
]]></system-err>
  </testcase>
  <testcase name="buyOut_insufficientBalance_throws" classname="com.slotcentral.bank.service.AccountServiceTest" time="0.013"/>
  <testcase name="refundBet_idempotency_alreadyRefunded" classname="com.slotcentral.bank.service.AccountServiceTest" time="0.011"/>
  <testcase name="reserveBet_insufficientBalance_throws" classname="com.slotcentral.bank.service.AccountServiceTest" time="0.003"/>
  <testcase name="buyOut_decreasesBalance" classname="com.slotcentral.bank.service.AccountServiceTest" time="0.003"/>
  <testcase name="settleBet_noWin_balanceUnchanged" classname="com.slotcentral.bank.service.AccountServiceTest" time="0.006"/>
  <testcase name="buyIn_increasesBalance" classname="com.slotcentral.bank.service.AccountServiceTest" time="0.003"/>
  <testcase name="deposit_idempotency_returnsSameEntry" classname="com.slotcentral.bank.service.AccountServiceTest" time="0.003"/>
  <testcase name="withdraw_decreasesBalance" classname="com.slotcentral.bank.service.AccountServiceTest" time="0.003"/>
  <testcase name="settleBet_withWin_creditsAccount" classname="com.slotcentral.bank.service.AccountServiceTest" time="0.003"/>
  <testcase name="settleBet_idempotency_alreadySettled" classname="com.slotcentral.bank.service.AccountServiceTest" time="0.002"/>
  <testcase name="reserveBet_debitsAccount_createsReservation" classname="com.slotcentral.bank.service.AccountServiceTest" time="0.003"/>
  <testcase name="refundBet_creditsBackReservedAmount" classname="com.slotcentral.bank.service.AccountServiceTest" time="0.003"/>
  <testcase name="withdraw_insufficientBalance_throws" classname="com.slotcentral.bank.service.AccountServiceTest" time="0.003"/>
  <testcase name="reserveBet_idempotency_returnsSameReservation" classname="com.slotcentral.bank.service.AccountServiceTest" time="0.001"/>
</testsuite>